[2023-04-21 T19:35:53] INFO [root.publish:85] Call publish(producer_id = 13, product = Tea(name='Vietnam Oolong', price=10, type='Oolong'))
[2023-04-21 T19:35:53] INFO [root.publish:85] Call publish(producer_id = 35, product = Coffee(name='Indonezia', price=1, acidity=5.05, roast_level='MEDIUM'))
[2023-04-21 T19:35:53] INFO [root.publish:93] Ret publish = False
[2023-04-21 T19:35:53] INFO [root.publish:93] Ret publish = False
[2023-04-21 T19:35:53] INFO [root.publish:85] Call publish(producer_id = 38, product = Tea(name='English Breakfast', price=2, type='Black'))
[2023-04-21 T19:35:53] INFO [root.publish:93] Ret publish = False
[2023-04-21 T19:35:53] INFO [root.publish:85] Call publish(producer_id = 19, product = Tea(name='Vietnam Oolong', price=10, type='Oolong'))
[2023-04-21 T19:35:53] INFO [root.publish:90] Ret publish = True
[2023-04-21 T19:35:53] INFO [root.publish:85] Call publish(producer_id = 37, product = Coffee(name='Ethiopia', price=10, acidity=5.09, roast_level='MEDIUM'))
[2023-04-21 T19:35:53] INFO [root.publish:93] Ret publish = False
[2023-04-21 T19:35:53] INFO [root.publish:85] Call publish(producer_id = 12, product = Tea(name='Pai Mu Tan', price=9, type='White'))
[2023-04-21 T19:35:53] INFO [root.publish:93] Ret publish = False
[2023-04-21 T19:35:53] INFO [root.publish:85] Call publish(producer_id = 41, product = Tea(name='Pai Mu Tan', price=9, type='White'))
[2023-04-21 T19:35:53] INFO [root.publish:93] Ret publish = False
[2023-04-21 T19:35:53] INFO [root.publish:85] Call publish(producer_id = 31, product = Tea(name='Jasmine', price=6, type='Green'))
[2023-04-21 T19:35:53] INFO [root.publish:93] Ret publish = False
[2023-04-21 T19:35:53] INFO [root.publish:85] Call publish(producer_id = 5, product = Coffee(name='Indonezia', price=1, acidity=5.05, roast_level='MEDIUM'))
[2023-04-21 T19:35:53] INFO [root.publish:93] Ret publish = False
[2023-04-21 T19:35:53] INFO [root.publish:85] Call publish(producer_id = 30, product = Tea(name='Pai Mu Tan', price=9, type='White'))
[2023-04-21 T19:35:53] INFO [root.publish:93] Ret publish = False
[2023-04-21 T19:35:53] INFO [root.publish:85] Call publish(producer_id = 18, product = Coffee(name='Indonezia', price=1, acidity=5.05, roast_level='MEDIUM'))
[2023-04-21 T19:35:53] INFO [root.publish:85] Call publish(producer_id = 36, product = Coffee(name='Robusta', price=3, acidity=5.0, roast_level='MEDIUM'))
[2023-04-21 T19:35:53] INFO [root.publish:93] Ret publish = False
[2023-04-21 T19:35:53] INFO [root.publish:93] Ret publish = False
[2023-04-21 T19:35:53] INFO [root.publish:85] Call publish(producer_id = 43, product = Coffee(name='Arabica', price=9, acidity=5.02, roast_level='MEDIUM'))
[2023-04-21 T19:35:53] INFO [root.publish:93] Ret publish = False
[2023-04-21 T19:35:53] INFO [root.publish:85] Call publish(producer_id = 48, product = Coffee(name='Indonezia', price=1, acidity=5.05, roast_level='MEDIUM'))
[2023-04-21 T19:35:53] INFO [root.publish:93] Ret publish = False
[2023-04-21 T19:35:53] INFO [root.add_to_cart:124] Call add_to_cart(cart_id = 45, product = Tea(name='Jasmine', price=6, type='Green'))
[2023-04-21 T19:35:53] INFO [root.add_to_cart:135] Call add_to_cart = True
[2023-04-21 T19:35:53] INFO [root.remove_from_cart:150] Call remove_from_cart(cart_id = 45, product = Tea(name='White Peach', price=5, type='White'))
[2023-04-21 T19:35:53] INFO [root.remove_from_cart:162] Ret remove_from_cart
[2023-04-21 T19:35:53] INFO [root.remove_from_cart:150] Call remove_from_cart(cart_id = 45, product = Tea(name='White Peach', price=5, type='White'))
[2023-04-21 T19:35:53] INFO [root.remove_from_cart:162] Ret remove_from_cart
[2023-04-21 T19:35:53] INFO [root.add_to_cart:124] Call add_to_cart(cart_id = 45, product = Tea(name='English Breakfast', price=2, type='Black'))
[2023-04-21 T19:35:53] INFO [root.add_to_cart:135] Call add_to_cart = True
[2023-04-21 T19:35:53] INFO [root.add_to_cart:124] Call add_to_cart(cart_id = 45, product = Tea(name='English Breakfast', price=2, type='Black'))
[2023-04-21 T19:35:53] INFO [root.add_to_cart:135] Call add_to_cart = True
[2023-04-21 T19:35:53] INFO [root.add_to_cart:124] Call add_to_cart(cart_id = 45, product = Tea(name='English Breakfast', price=2, type='Black'))
[2023-04-21 T19:35:53] INFO [root.add_to_cart:135] Call add_to_cart = True
[2023-04-21 T19:35:53] INFO [root.add_to_cart:124] Call add_to_cart(cart_id = 45, product = Coffee(name='Robusta', price=3, acidity=5.0, roast_level='MEDIUM'))
[2023-04-21 T19:35:53] INFO [root.add_to_cart:135] Call add_to_cart = True
[2023-04-21 T19:35:53] INFO [root.add_to_cart:124] Call add_to_cart(cart_id = 45, product = Coffee(name='Robusta', price=3, acidity=5.0, roast_level='MEDIUM'))
[2023-04-21 T19:35:53] INFO [root.add_to_cart:135] Call add_to_cart = True
[2023-04-21 T19:35:53] INFO [root.place_order:171] Call place_order(cart_id = 45)
[2023-04-21 T19:35:53] INFO [root.publish:85] Call publish(producer_id = 21, product = Coffee(name='Brasil', price=7, acidity=5.09, roast_level='MEDIUM'))
[2023-04-21 T19:35:53] INFO [root.place_order:181] Ret place_order
[2023-04-21 T19:35:53] INFO [root.publish:93] Ret publish = False
[2023-04-21 T19:35:53] INFO [root.publish:85] Call publish(producer_id = 29, product = Tea(name='Jasmine', price=6, type='Green'))
[2023-04-21 T19:35:53] INFO [root.get_print_lock:55] Call get_print_lock()
[2023-04-21 T19:35:53] INFO [root.publish:93] Ret publish = False
[2023-04-21 T19:35:53] INFO [root.get_print_lock:56] Ret get_print_lock
[2023-04-21 T19:35:53] INFO [root.publish:85] Call publish(producer_id = 4, product = Coffee(name='Arabica', price=9, acidity=5.02, roast_level='MEDIUM'))
